<?xml version="1.0" encoding="UTF-8"?>
<!-- Generated by org.testng.reporters.JUnitReportReporter -->
<testsuite skipped="0" hostname="DESKTOP-S33MT4O" name="tests.Exercise" tests="1" failures="0" timestamp="2022-05-16T16:42:32 ICT" time="11.994" errors="0">
  <testcase name="Verify_Enter_form" time="11.994" classname="tests.Exercise"/>
  <system-out/>
</testsuite> <!-- tests.Exercise -->
