<?xml version="1.0" encoding="UTF-8"?>
<!-- Generated by org.testng.reporters.JUnitReportReporter -->
<testsuite skipped="0" hostname="DESKTOP-S33MT4O" name="tests.saucedemo" tests="1" failures="0" timestamp="2022-05-15T23:51:53 ICT" time="10.305" errors="0">
  <testcase name="Verify_Searching_function" time="10.305" classname="tests.saucedemo"/>
  <system-out/>
</testsuite> <!-- tests.saucedemo -->
