<?xml version="1.0" encoding="UTF-8"?>
<!-- Generated by org.testng.reporters.JUnitReportReporter -->
<testsuite skipped="0" hostname="DESKTOP-S33MT4O" name="tests.ContactUs" tests="4" failures="0" timestamp="2022-05-02T21:50:48 ICT" time="9.143" errors="0">
  <testcase name="TC_C2_verify_" time="2.253" classname="tests.ContactUs"/>
  <system-out/>
  <testcase name="TC_C4_verify_" time="2.256" classname="tests.ContactUs"/>
  <system-out/>
  <testcase name="TC_C1_verify_" time="2.366" classname="tests.ContactUs"/>
  <system-out/>
  <testcase name="TC_C3_verify_" time="2.268" classname="tests.ContactUs"/>
  <system-out/>
</testsuite> <!-- tests.ContactUs -->
