<?xml version="1.0" encoding="UTF-8"?>
<!-- Generated by org.testng.reporters.JUnitReportReporter -->
<testsuite skipped="0" hostname="DESKTOP-S33MT4O" name="tests.letcode" tests="1" failures="0" timestamp="2022-05-13T17:56:42 ICT" time="18.040" errors="0">
  <testcase name="Input" time="18.040" classname="tests.letcode"/>
  <system-out/>
</testsuite> <!-- tests.letcode -->
