<?xml version="1.0" encoding="UTF-8"?>
<!-- Generated by org.testng.reporters.JUnitReportReporter -->
<testsuite skipped="0" hostname="DESKTOP-S33MT4O" name="interfaces.Login_page" tests="1" failures="0" timestamp="2022-05-16T19:17:41 ICT" time="13.483" errors="0">
  <testcase name="LoginPage" time="13.483" classname="interfaces.Login_page"/>
  <system-out/>
</testsuite> <!-- interfaces.Login_page -->
