<?xml version="1.0" encoding="UTF-8"?>
<!-- Generated by org.testng.reporters.JUnitReportReporter -->
<testsuite skipped="0" hostname="DESKTOP-S33MT4O" name="tests.Actions" tests="1" failures="0" timestamp="2022-06-09T20:16:29 ICT" time="22.611" errors="0">
  <testcase name="LoginPage" time="22.611" classname="tests.Actions"/>
  <system-out/>
</testsuite> <!-- tests.Actions -->
