<?xml version="1.0" encoding="UTF-8"?>
<!-- Generated by org.testng.reporters.JUnitReportReporter -->
<testsuite skipped="0" hostname="DESKTOP-S33MT4O" name="interfaces.SearchRoom" tests="1" failures="0" timestamp="2022-05-16T19:37:12 ICT" time="15.272" errors="0">
  <testcase name="LoginPage" time="15.272" classname="interfaces.SearchRoom"/>
  <system-out/>
</testsuite> <!-- interfaces.SearchRoom -->
