<?xml version="1.0" encoding="UTF-8"?>
<!-- Generated by org.testng.reporters.JUnitReportReporter -->
<testsuite skipped="0" hostname="DESKTOP-S33MT4O" name="tests.JTest" tests="1" failures="0" timestamp="2022-05-11T23:41:12 ICT" time="18.430" errors="0">
  <testcase name="Radio_button_demo" time="18.430" classname="tests.JTest"/>
  <system-out/>
</testsuite> <!-- tests.JTest -->
