<?xml version="1.0" encoding="UTF-8"?>
<!-- Generated by org.testng.reporters.JUnitReportReporter -->
<testsuite skipped="0" hostname="DESKTOP-S33MT4O" name="tests.JTest" tests="8" failures="0" timestamp="2022-05-10T18:36:06 ICT" time="127.067" errors="0">
  <testcase name="Radio_button_demo" time="15.274" classname="tests.JTest"/>
  <system-out/>
  <testcase name="test_Box" time="17.315" classname="tests.JTest"/>
  <system-out/>
  <testcase name="test_downupKeys" time="17.029" classname="tests.JTest"/>
  <system-out/>
  <testcase name="jenkins_Testcase" time="10.835" classname="tests.JTest"/>
  <system-out/>
  <testcase name="CheckBox2" time="15.510" classname="tests.JTest"/>
  <system-out/>
  <testcase name="CheckBox" time="17.942" classname="tests.JTest"/>
  <system-out/>
  <testcase name="jenkins_Testcase_failed_demo" time="11.817" classname="tests.JTest"/>
  <system-out/>
  <testcase name="CheckBox1" time="21.345" classname="tests.JTest"/>
  <system-out/>
</testsuite> <!-- tests.JTest -->
